<?xml version="1.0" encoding="UTF-8"?>
<!-- Generated by org.testng.reporters.JUnitReportReporter -->
<testsuite hostname="DESKTOP-ES6ASA2" failures="0" tests="1" name="testCases.TC001_AccountRegistrationTest" time="3.922" errors="0" timestamp="2024-12-07T17:03:34 IST" skipped="0">
  <testcase classname="testCases.TC001_AccountRegistrationTest" name="verify_account_registratio" time="3.922"/>
</testsuite> <!-- testCases.TC001_AccountRegistrationTest -->
